Setting up sockets... done
Launching threads... done
Streaming file... sending request on server_0
sending request on server_0
sending request on server_0
sending request on server_0
sending request on server_0
sending request on server_1
sending request on server_1
sending request on server_1
sending request on server_1
sending request on server_1
sending request on server_2
sending request on server_2
sending request on server_2
sending request on server_2
sending request on server_2
sending request on server_3
sending request on server_3
sending request on server_3
sending request on server_3
sending request on server_3
sending request on server_2
sending request on server_3
sending request on server_0
sending request on server_1
sending request on server_3
sending request on server_0
sending request on server_1
sending request on server_3
sending request on server_1
sending request on server_2
sending request on server_0
sending request on server_3
sending request on server_2
sending request on server_1
sending request on server_0
sending request on server_3
sending request on server_2
sending request on server_1
sending request on server_0
sending request on server_3
sending request on server_2
sending request on server_1
sending request on server_0
sending request on server_3
sending request on server_2
sending request on server_1
sending request on server_0
sending request on server_3
sending request on server_2
sending request on server_1
sending request on server_0
sending request on server_3
sending request on server_2
sending request on server_1
sending request on server_0
sending request on server_3
sending request on server_1
sending request on server_2
sending request on server_3
sending request on server_0
sending request on server_1
sending request on server_2
sending request on server_3
sending request on server_0
sending request on server_1
sending request on server_2
sending request on server_3
sending request on server_0
sending request on server_1
sending request on server_2
sending request on server_0
sending request on server_3
sending request on server_1
sending request on server_2
sending request on server_3
sending request on server_0
sending request on server_1
sending request on server_2
sending request on server_3
sending request on server_0
sending request on server_1
sending request on server_2
sending request on server_3
sending request on server_0
sending request on server_1
sending request on server_2
sending request on server_0
sending request on server_3
sending request on server_1
sending request on server_2
sending request on server_0
sending request on server_3
sending request on server_1
sending request on server_2
sending request on server_0
sending request on server_3
sending request on server_1
sending request on server_2
sending request on server_0
sending request on server_3
done
Joining threads... done
